\BOOKMARK [0][-]{dedication.0}{Dedicat\363ria}{}% 1
\BOOKMARK [0][-]{acknowledgements.0}{Agradecimentos}{}% 2
\BOOKMARK [0][-]{resumo.0}{Abstract}{}% 3
\BOOKMARK [0][-]{abstract.0}{Abstract}{}% 4
\BOOKMARK [0][-]{chapter.1}{Introdu\347\343o}{}% 5
\BOOKMARK [0][-]{chapter.2}{Revis\343o Bibliogr\341fica}{}% 6
\BOOKMARK [1][-]{section.2.1}{Fundamenta\347\343o Te\363rica}{chapter.2}% 7
\BOOKMARK [2][-]{subsection.2.1.1}{Processamento de Imagens}{section.2.1}% 8
\BOOKMARK [2][-]{subsection.2.1.2}{V\355deos}{section.2.1}% 9
\BOOKMARK [2][-]{subsection.2.1.3}{Redes Neurais Artificiais}{section.2.1}% 10
\BOOKMARK [1][-]{section.2.2}{Trabalhos Correlatos}{chapter.2}% 11
\BOOKMARK [0][-]{chapter.3}{Solu\347\343o Proposta}{}% 12
\BOOKMARK [1][-]{section.3.1}{Aquisi\347\343o}{chapter.3}% 13
\BOOKMARK [1][-]{section.3.2}{Regi\365es de Interesse}{chapter.3}% 14
\BOOKMARK [1][-]{section.3.3}{Classifica\347\343o das se\347\365es}{chapter.3}% 15
\BOOKMARK [2][-]{subsection.3.3.1}{Extra\347\343o de caracter\355sticas}{section.3.3}% 16
\BOOKMARK [2][-]{subsection.3.3.2}{Classifica\347\343o da rede neural artificial}{section.3.3}% 17
\BOOKMARK [2][-]{subsection.3.3.3}{Ajuste gaussiano dos vizinhos}{section.3.3}% 18
\BOOKMARK [2][-]{subsection.3.3.4}{Sistema de vota\347\343o}{section.3.3}% 19
\BOOKMARK [1][-]{section.3.4}{Extra\347\343o do movimento}{chapter.3}% 20
\BOOKMARK [2][-]{subsection.3.4.1}{Magnitudes do movimento}{section.3.4}% 21
\BOOKMARK [2][-]{subsection.3.4.2}{Regi\365es de movimento}{section.3.4}% 22
\BOOKMARK [1][-]{section.3.5}{Mapeamento de Vagas}{chapter.3}% 23
\BOOKMARK [0][-]{chapter.4}{Resultados Experimentais}{}% 24
\BOOKMARK [1][-]{section.4.1}{Aquisi\347\343o de dados}{chapter.4}% 25
\BOOKMARK [1][-]{section.4.2}{Treinamento da rede neural artificial}{chapter.4}% 26
\BOOKMARK [1][-]{section.4.3}{Resultados Obtidos}{chapter.4}% 27
\BOOKMARK [2][-]{subsection.4.3.1}{V\355deo 1}{section.4.3}% 28
\BOOKMARK [2][-]{subsection.4.3.2}{V\355deo 2}{section.4.3}% 29
\BOOKMARK [2][-]{subsection.4.3.3}{V\355deo 3}{section.4.3}% 30
\BOOKMARK [2][-]{subsection.4.3.4}{V\355deo 4}{section.4.3}% 31
\BOOKMARK [2][-]{subsection.4.3.5}{V\355deo 5}{section.4.3}% 32
\BOOKMARK [2][-]{subsection.4.3.6}{V\355deo 6}{section.4.3}% 33
\BOOKMARK [2][-]{subsection.4.3.7}{V\355deo 7}{section.4.3}% 34
\BOOKMARK [2][-]{subsection.4.3.8}{V\355deo 8}{section.4.3}% 35
\BOOKMARK [0][-]{chapter.5}{Conclus\343o}{}% 36
\BOOKMARK [0][-]{section*.60}{Refer\352ncias}{}% 37
